<?xml version="1.0" encoding="UTF-8"?>
<!-- Generated by org.testng.reporters.JUnitReportReporter -->
<testsuite skipped="4" hostname="camal67" name="TestNGIntro.SimpleTest" tests="4" failures="0" timestamp="2023-02-08T20:01:51 EET" time="0.000" errors="0">
  <testcase name="streamMap" time="0.000" classname="TestNGIntro.SimpleTest">
    <skipped/>
  </testcase> <!-- streamMap -->
  <testcase name="regular" time="0.000" classname="TestNGIntro.SimpleTest">
    <skipped/>
  </testcase> <!-- regular -->
  <testcase name="streamCollect" time="0.000" classname="TestNGIntro.SimpleTest">
    <skipped/>
  </testcase> <!-- streamCollect -->
  <testcase name="streamFilter" time="0.000" classname="TestNGIntro.SimpleTest">
    <skipped/>
  </testcase> <!-- streamFilter -->
</testsuite> <!-- TestNGIntro.SimpleTest -->
