<?xml version="1.0" encoding="UTF-8"?>
<!-- Generated by org.testng.reporters.JUnitReportReporter -->
<testsuite skipped="11" hostname="camal67" name="Weeks.week_03.automationexercise.registerUser" tests="11" failures="0" timestamp="2023-02-08T20:01:51 EET" time="0.000" errors="0">
  <testcase name="isHomePageVisisble" time="0.000" classname="Weeks.week_03.automationexercise.registerUser">
    <skipped/>
  </testcase> <!-- isHomePageVisisble -->
  <testcase name="clickSignUpLoginButton" time="0.000" classname="Weeks.week_03.automationexercise.registerUser">
    <skipped/>
  </testcase> <!-- clickSignUpLoginButton -->
  <testcase name="verifyNewUserSignupIsVisible" time="0.000" classname="Weeks.week_03.automationexercise.registerUser">
    <skipped/>
  </testcase> <!-- verifyNewUserSignupIsVisible -->
  <testcase name="enterNameEmailAndClickSignUp" time="0.000" classname="Weeks.week_03.automationexercise.registerUser">
    <skipped/>
  </testcase> <!-- enterNameEmailAndClickSignUp -->
  <testcase name="verifyENTERACCOUNTINFORMATIONIsVisible" time="0.000" classname="Weeks.week_03.automationexercise.registerUser">
    <skipped/>
  </testcase> <!-- verifyENTERACCOUNTINFORMATIONIsVisible -->
  <testcase name="fillDetails" time="0.000" classname="Weeks.week_03.automationexercise.registerUser">
    <skipped/>
  </testcase> <!-- fillDetails -->
  <testcase name="verifyACCOUNTCREATEDIsVisible" time="0.000" classname="Weeks.week_03.automationexercise.registerUser">
    <skipped/>
  </testcase> <!-- verifyACCOUNTCREATEDIsVisible -->
  <testcase name="clickContinueButton" time="0.000" classname="Weeks.week_03.automationexercise.registerUser">
    <skipped/>
  </testcase> <!-- clickContinueButton -->
  <testcase name="verifyLoggedInAsUsernameIsVisible" time="0.000" classname="Weeks.week_03.automationexercise.registerUser">
    <skipped/>
  </testcase> <!-- verifyLoggedInAsUsernameIsVisible -->
  <testcase name="clickDeleteAccountButton" time="0.000" classname="Weeks.week_03.automationexercise.registerUser">
    <skipped/>
  </testcase> <!-- clickDeleteAccountButton -->
  <testcase name="verifyACCOUNTDELETEDIsVisibleAndClickContinueButton" time="0.000" classname="Weeks.week_03.automationexercise.registerUser">
    <skipped/>
  </testcase> <!-- verifyACCOUNTDELETEDIsVisibleAndClickContinueButton -->
</testsuite> <!-- Weeks.week_03.automationexercise.registerUser -->
