<?xml version="1.0" encoding="UTF-8"?>
<!-- Generated by org.testng.reporters.JUnitReportReporter -->
<testsuite skipped="3" hostname="camal67" name="TestNGIntro.LiveDemo2" tests="3" failures="0" timestamp="2023-02-08T20:01:51 EET" time="0.000" errors="0">
  <testcase name="getProductPrice" time="0.000" classname="TestNGIntro.LiveDemo2">
    <skipped/>
  </testcase> <!-- getProductPrice -->
  <testcase name="sortProductsWithNameTest" time="0.000" classname="TestNGIntro.LiveDemo2">
    <skipped/>
  </testcase> <!-- sortProductsWithNameTest -->
  <testcase name="filterBoxTest" time="0.000" classname="TestNGIntro.LiveDemo2">
    <skipped/>
  </testcase> <!-- filterBoxTest -->
</testsuite> <!-- TestNGIntro.LiveDemo2 -->
